# JRE version: OpenJDK Runtime Environment (8.0_242-b01) (build 1.8.0_242-release-1644-b01)
# Java VM: OpenJDK 64-Bit Server VM (25.242-b01 mixed mode windows-amd64 compressed oops)
Heap:
 PSYoungGen      total 399872K, used 367493K [0x00000000d5580000, 0x00000000f5380000, 0x0000000100000000)
  eden space 344576K, 90% used [0x00000000d5580000,0x00000000e8666f58,0x00000000ea600000)
  from space 55296K, 99% used [0x00000000ef100000,0x00000000f26fa888,0x00000000f2700000)
  to   space 76800K, 0% used [0x00000000ea600000,0x00000000ea600000,0x00000000ef100000)
 ParOldGen       total 417280K, used 113073K [0x0000000080000000, 0x0000000099780000, 0x00000000d5580000)
  object space 417280K, 27% used [0x0000000080000000,0x0000000086e6c748,0x0000000099780000)
 Metaspace       used 113860K, capacity 119028K, committed 119320K, reserved 1153024K
  class space    used 14534K, capacity 15554K, committed 15640K, reserved 1048576K
GC Heap History (10 events):
Event: 1249.618 GC heap before
{Heap before GC invocations=14 (full 3):
 PSYoungGen      total 293888K, used 293885K [0x00000000d5580000, 0x00000000eae80000, 0x0000000100000000)
  eden space 266240K, 100% used [0x00000000d5580000,0x00000000e5980000,0x00000000e5980000)
  from space 27648K, 99% used [0x00000000e7f80000,0x00000000e9a7f540,0x00000000e9a80000)
  to   space 38912K, 0% used [0x00000000e5980000,0x00000000e5980000,0x00000000e7f80000)
 ParOldGen       total 339456K, used 62128K [0x0000000080000000, 0x0000000094b80000, 0x00000000d5580000)
  object space 339456K, 18% used [0x0000000080000000,0x0000000083cac048,0x0000000094b80000)
 Metaspace       used 84832K, capacity 88594K, committed 88728K, reserved 1126400K
  class space    used 11182K, capacity 11866K, committed 11928K, reserved 1048576K
Event: 1249.705 GC heap after
Heap after GC invocations=14 (full 3):
 PSYoungGen      total 298496K, used 37970K [0x00000000d5580000, 0x00000000ea980000, 0x0000000100000000)
  eden space 260096K, 0% used [0x00000000d5580000,0x00000000d5580000,0x00000000e5380000)
  from space 38400K, 98% used [0x00000000e5980000,0x00000000e7e94858,0x00000000e7f00000)
  to   space 43520K, 0% used [0x00000000e7f00000,0x00000000e7f00000,0x00000000ea980000)
 ParOldGen       total 339456K, used 62136K [0x0000000080000000, 0x0000000094b80000, 0x00000000d5580000)
  object space 339456K, 18% used [0x0000000080000000,0x0000000083cae048,0x0000000094b80000)
 Metaspace       used 84832K, capacity 88594K, committed 88728K, reserved 1126400K
  class space    used 11182K, capacity 11866K, committed 11928K, reserved 1048576K
}
Event: 1269.922 GC heap before
{Heap before GC invocations=15 (full 3):
 PSYoungGen      total 298496K, used 298066K [0x00000000d5580000, 0x00000000ea980000, 0x0000000100000000)
  eden space 260096K, 100% used [0x00000000d5580000,0x00000000e5380000,0x00000000e5380000)
  from space 38400K, 98% used [0x00000000e5980000,0x00000000e7e94858,0x00000000e7f00000)
  to   space 43520K, 0% used [0x00000000e7f00000,0x00000000e7f00000,0x00000000ea980000)
 ParOldGen       total 339456K, used 62136K [0x0000000080000000, 0x0000000094b80000, 0x00000000d5580000)
  object space 339456K, 18% used [0x0000000080000000,0x0000000083cae048,0x0000000094b80000)
 Metaspace       used 93802K, capacity 97804K, committed 98072K, reserved 1134592K
  class space    used 11969K, capacity 12743K, committed 12824K, reserved 1048576K
Event: 1270.015 GC heap after
Heap after GC invocations=15 (full 3):
 PSYoungGen      total 294912K, used 43512K [0x00000000d5580000, 0x00000000eb600000, 0x0000000100000000)
  eden space 251392K, 0% used [0x00000000d5580000,0x00000000d5580000,0x00000000e4b00000)
  from space 43520K, 99% used [0x00000000e7f00000,0x00000000ea97e230,0x00000000ea980000)
  to   space 53248K, 0% used [0x00000000e4b00000,0x00000000e4b00000,0x00000000e7f00000)
 ParOldGen       total 339456K, used 69966K [0x0000000080000000, 0x0000000094b80000, 0x00000000d5580000)
  object space 339456K, 20% used [0x0000000080000000,0x0000000084453a10,0x0000000094b80000)
 Metaspace       used 93802K, capacity 97804K, committed 98072K, reserved 1134592K
  class space    used 11969K, capacity 12743K, committed 12824K, reserved 1048576K
}
Event: 1270.112 GC heap before
{Heap before GC invocations=16 (full 3):
 PSYoungGen      total 294912K, used 46842K [0x00000000d5580000, 0x00000000eb600000, 0x0000000100000000)
  eden space 251392K, 1% used [0x00000000d5580000,0x00000000d58c05d8,0x00000000e4b00000)
  from space 43520K, 99% used [0x00000000e7f00000,0x00000000ea97e230,0x00000000ea980000)
  to   space 53248K, 0% used [0x00000000e4b00000,0x00000000e4b00000,0x00000000e7f00000)
 ParOldGen       total 339456K, used 69966K [0x0000000080000000, 0x0000000094b80000, 0x00000000d5580000)
  object space 339456K, 20% used [0x0000000080000000,0x0000000084453a10,0x0000000094b80000)
 Metaspace       used 94356K, capacity 98316K, committed 98584K, reserved 1134592K
  class space    used 12044K, capacity 12807K, committed 12824K, reserved 1048576K
Event: 1270.170 GC heap after
Heap after GC invocations=16 (full 3):
 PSYoungGen      total 304640K, used 36522K [0x00000000d5580000, 0x00000000f2700000, 0x0000000100000000)
  eden space 251392K, 0% used [0x00000000d5580000,0x00000000d5580000,0x00000000e4b00000)
  from space 53248K, 68% used [0x00000000e4b00000,0x00000000e6eaaa30,0x00000000e7f00000)
  to   space 55296K, 0% used [0x00000000ef100000,0x00000000ef100000,0x00000000f2700000)
 ParOldGen       total 339456K, used 77756K [0x0000000080000000, 0x0000000094b80000, 0x00000000d5580000)
  object space 339456K, 22% used [0x0000000080000000,0x0000000084bef170,0x0000000094b80000)
 Metaspace       used 94356K, capacity 98316K, committed 98584K, reserved 1134592K
  class space    used 12044K, capacity 12807K, committed 12824K, reserved 1048576K
}
Event: 1270.170 GC heap before
{Heap before GC invocations=17 (full 4):
 PSYoungGen      total 304640K, used 36522K [0x00000000d5580000, 0x00000000f2700000, 0x0000000100000000)
  eden space 251392K, 0% used [0x00000000d5580000,0x00000000d5580000,0x00000000e4b00000)
  from space 53248K, 68% used [0x00000000e4b00000,0x00000000e6eaaa30,0x00000000e7f00000)
  to   space 55296K, 0% used [0x00000000ef100000,0x00000000ef100000,0x00000000f2700000)
 ParOldGen       total 339456K, used 77756K [0x0000000080000000, 0x0000000094b80000, 0x00000000d5580000)
  object space 339456K, 22% used [0x0000000080000000,0x0000000084bef170,0x0000000094b80000)
 Metaspace       used 94356K, capacity 98316K, committed 98584K, reserved 1134592K
  class space    used 12044K, capacity 12807K, committed 12824K, reserved 1048576K
Event: 1270.646 GC heap after
Heap after GC invocations=17 (full 4):
 PSYoungGen      total 304640K, used 0K [0x00000000d5580000, 0x00000000f2700000, 0x0000000100000000)
  eden space 251392K, 0% used [0x00000000d5580000,0x00000000d5580000,0x00000000e4b00000)
  from space 53248K, 0% used [0x00000000e4b00000,0x00000000e4b00000,0x00000000e7f00000)
  to   space 55296K, 0% used [0x00000000ef100000,0x00000000ef100000,0x00000000f2700000)
 ParOldGen       total 417280K, used 76876K [0x0000000080000000, 0x0000000099780000, 0x00000000d5580000)
  object space 417280K, 18% used [0x0000000080000000,0x0000000084b13040,0x0000000099780000)
 Metaspace       used 94224K, capacity 97922K, committed 98584K, reserved 1134592K
  class space    used 12002K, capacity 12734K, committed 12824K, reserved 1048576K
}
Event: 1273.743 GC heap before
{Heap before GC invocations=18 (full 4):
 PSYoungGen      total 304640K, used 251392K [0x00000000d5580000, 0x00000000f2700000, 0x0000000100000000)
  eden space 251392K, 100% used [0x00000000d5580000,0x00000000e4b00000,0x00000000e4b00000)
  from space 53248K, 0% used [0x00000000e4b00000,0x00000000e4b00000,0x00000000e7f00000)
  to   space 55296K, 0% used [0x00000000ef100000,0x00000000ef100000,0x00000000f2700000)
 ParOldGen       total 417280K, used 76876K [0x0000000080000000, 0x0000000099780000, 0x00000000d5580000)
  object space 417280K, 18% used [0x0000000080000000,0x0000000084b13040,0x0000000099780000)
 Metaspace       used 102297K, capacity 106006K, committed 106520K, reserved 1142784K
  class space    used 12949K, capacity 13674K, committed 13848K, reserved 1048576K
Event: 1273.844 GC heap after
Heap after GC invocations=18 (full 4):
 PSYoungGen      total 399872K, used 55274K [0x00000000d5580000, 0x00000000f5380000, 0x0000000100000000)
  eden space 344576K, 0% used [0x00000000d5580000,0x00000000d5580000,0x00000000ea600000)
  from space 55296K, 99% used [0x00000000ef100000,0x00000000f26fa888,0x00000000f2700000)
  to   space 76800K, 0% used [0x00000000ea600000,0x00000000ea600000,0x00000000ef100000)
 ParOldGen       total 417280K, used 113073K [0x0000000080000000, 0x0000000099780000, 0x00000000d5580000)
  object space 417280K, 27% used [0x0000000080000000,0x0000000086e6c748,0x0000000099780000)
 Metaspace       used 102297K, capacity 106006K, committed 106520K, reserved 1142784K
  class space    used 12949K, capacity 13674K, committed 13848K, reserved 1048576K
}

